<?xml version="1.0" encoding="UTF-8"?>
<!-- Generated by org.testng.reporters.JUnitXMLReporter -->
<testsuite ignored="0" hostname="Surajs-MBP.lan" failures="1" tests="2" name="Testing on chrome" time="12.867" errors="0" timestamp="2024-09-24T18:12:04 GMT-07:00">
  <testcase classname="mavendemoproject.MavenProject.TestCase1_Register" name="Registration" time="1.9"/>
  <testcase classname="mavendemoproject.MavenProject.TestCase2_Successful_Login" name="login" time="0.015">
    <failure type="java.lang.AssertionError" message="expected:&amp;lt;Amazon.in&amp;gt; but was:&amp;lt;Online Shopping site in India: Shop Online for Mobiles, Books, Watches, Shoes and More - Amazon.in&amp;gt;">
      <![CDATA[java.lang.AssertionError: expected:<Amazon.in> but was:<Online Shopping site in India: Shop Online for Mobiles, Books, Watches, Shoes and More - Amazon.in>
at mavendemoproject.MavenProject.TestCase2_Successful_Login.login(TestCase2_Successful_Login.java:14)
at java.base/java.util.ArrayList.forEach(ArrayList.java:1511)
... Removed 33 stack frames]]>
    </failure>
  </testcase> <!-- login -->
</testsuite> <!-- Testing on chrome -->
